Downloading android-sdk_r22.6.2-macosx.zip from https://dl.google.com/android/android-sdk_r22.6.2-macosx.zip
Unpacking android-sdk_r22.6.2-macosx.zip
Refresh Sources:
  Fetched Add-ons List successfully
  Refresh Sources



Installing Archives:
  Preparing to install archives
  Installing Android SDK Platform-tools, revision 22
  Stopping ADB server failed (code -1).
    Installed Android SDK Platform-tools, revision 22
  Installing Android SDK Build-tools, revision 23 rc1
    Installed Android SDK Build-tools, revision 23 rc1
  Installing Android SDK Build-tools, revision 22.0.1
    Installed Android SDK Build-tools, revision 22.0.1
  Installing SDK Platform Android 5.1.1, API 22, revision 2
    Installed SDK Platform Android 5.1.1, API 22, revision 2
  Installing Sources for Android SDK, API 22, revision 1
    Installed Sources for Android SDK, API 22, revision 1
  Installing Android Support Repository, revision 15
    Installed Android Support Repository, revision 15
  Installing Google Repository, revision 19
    Installed Google Repository, revision 19
  Installing Intel x86 Emulator Accelerator (HAXM installer), revision 5.3
  Unzipping Intel x86 Emulator Accelerator (HAXM installer), revision 5.3 (53%)
  Unzipping Intel x86 Emulator Accelerator (HAXM installer), revision 5.3 (96%)
  Unzipping Intel x86 Emulator Accelerator (HAXM installer), revision 5.3 (97%)
  Unzipping Intel x86 Emulator Accelerator (HAXM installer), revision 5.3 (99%)
    Installed Intel x86 Emulator Accelerator (HAXM installer), revision 5.3
  Skipping 'Android SDK Tools, revision 24.3'; it depends on 'Android SDK Platform-tools, revision 23 rc1' which was not installed.
  Installing Google APIs, Android API 22, revision 1
    Installed Google APIs, Android API 22, revision 1
  Installing Google APIs Intel x86 Atom System Image, Google Inc. API 22, revision 1
    Installed Google APIs Intel x86 Atom System Image, Google Inc. API 22, revision 1
    Updated ADB to support the USB devices declared in the SDK add-ons.
    Stopping ADB server succeeded.
    Starting ADB server succeeded.
  Done. 10 packages installed.
The following SDK component was not installed: tools
Refresh Sources:
  Fetched Add-ons List successfully
  Refresh Sources

Installing Archives:
  Preparing to install archives
  Installing Android SDK Tools, revision 24.3
    Installed Android SDK Tools, revision 24.3
  Done. 1 package installed.
Android SDK is up to date.
Running Intel® HAXM installer
Silent installation Pass! 
Creating Android virtual device
Android virtual device Nexus_5_API_22_x86 was successfully created


